<?xml version="1.0" encoding="UTF-8"?>
<!-- Generated by org.testng.reporters.JUnitReportReporter -->
<testsuite hostname="DESKTOP-9LVK55H" failures="0" tests="1" name="com.orange.TestCase.TestCase" time="0.008" errors="0" timestamp="2024-05-22T17:16:08 IST" skipped="0">
  <testcase classname="com.orange.TestCase.TestCase" name="open" time="0.008"/>
  <system-out/>
</testsuite> <!-- com.orange.TestCase.TestCase -->
